time="2022-11-20T14:51:21+08:00" level=error msg="读取失败" func=go_web_2/Public.Readyml file="c:/Users/Administrator/Desktop/go_web_2/Public/public.go:47"
time="2022-11-20T14:51:21+08:00" level=error msg="读取失败" func=go_web_2/Public.Readyml file="c:/Users/Administrator/Desktop/go_web_2/Public/public.go:47"
time="2022-11-20T14:51:21+08:00" level=error msg="数据库连接成功" func=go_web_2/Db.Databaseinit file="c:/Users/Administrator/Desktop/go_web_2/Db/db.go:23"
time="2022-11-20T14:52:23+08:00" level=error msg="读取失败" func=go_web_2/Public.Readyml file="c:/Users/Administrator/Desktop/go_web_2/Public/public.go:47"
time="2022-11-20T14:52:23+08:00" level=error msg="读取失败" func=go_web_2/Public.Readyml file="c:/Users/Administrator/Desktop/go_web_2/Public/public.go:47"
time="2022-11-20T14:52:23+08:00" level=info msg="数据库连接成功" func=go_web_2/Db.Databaseinit file="c:/Users/Administrator/Desktop/go_web_2/Db/db.go:23"
time="2022-11-20T14:55:06+08:00" level=error msg="读取失败" func=go_web_2/Public.Readyml file="c:/Users/Administrator/Desktop/go_web_2/Public/public.go:47"
time="2022-11-20T14:55:06+08:00" level=error msg="读取失败" func=go_web_2/Public.Readyml file="c:/Users/Administrator/Desktop/go_web_2/Public/public.go:47"
time="2022-11-20T14:55:06+08:00" level=info msg="数据库连接成功" func=go_web_2/Db.Databaseinit file="c:/Users/Administrator/Desktop/go_web_2/Db/db.go:23"
time="2022-11-20T14:57:37+08:00" level=error msg="读取失败" func=go_web_2/Public.Readyml file="c:/Users/Administrator/Desktop/go_web_2/Public/public.go:47"
time="2022-11-20T14:57:37+08:00" level=error msg="读取失败" func=go_web_2/Public.Readyml file="c:/Users/Administrator/Desktop/go_web_2/Public/public.go:47"
time="2022-11-20T14:57:37+08:00" level=info msg="数据库连接成功" func=go_web_2/Db.Databaseinit file="c:/Users/Administrator/Desktop/go_web_2/Db/db.go:23"
time="2022-11-20T15:01:11+08:00" level=error msg="读取失败" func=go_web_2/Public.Readyml file="c:/Users/Administrator/Desktop/go_web_2/Public/public.go:47"
time="2022-11-20T15:01:11+08:00" level=error msg="读取失败" func=go_web_2/Public.Readyml file="c:/Users/Administrator/Desktop/go_web_2/Public/public.go:47"
time="2022-11-20T15:01:11+08:00" level=info msg="数据库连接成功" func=go_web_2/Db.Databaseinit file="c:/Users/Administrator/Desktop/go_web_2/Db/db.go:23"
time="2022-11-20T15:02:27+08:00" level=error msg="读取失败" func=go_web_2/Public.Readyml file="c:/Users/Administrator/Desktop/go_web_2/Public/public.go:47"
time="2022-11-20T15:02:27+08:00" level=error msg="读取失败" func=go_web_2/Public.Readyml file="c:/Users/Administrator/Desktop/go_web_2/Public/public.go:47"
time="2022-11-20T15:02:27+08:00" level=info msg="数据库连接成功" func=go_web_2/Db.Databaseinit file="c:/Users/Administrator/Desktop/go_web_2/Db/db.go:23"
time="2022-11-20T15:02:37+08:00" level=error msg="查询失败" func=go_web_2/Db.Check_Login_From_Database file="c:/Users/Administrator/Desktop/go_web_2/Db/db.go:63"
time="2022-11-20T15:02:38+08:00" level=error msg="查询失败" func=go_web_2/Db.Check_Login_From_Database file="c:/Users/Administrator/Desktop/go_web_2/Db/db.go:63"
time="2022-11-20T15:02:38+08:00" level=error msg="查询失败" func=go_web_2/Db.Check_Login_From_Database file="c:/Users/Administrator/Desktop/go_web_2/Db/db.go:63"
time="2022-11-20T15:03:54+08:00" level=error msg="读取失败" func=go_web_2/Public.Readyml file="c:/Users/Administrator/Desktop/go_web_2/Public/public.go:47"
time="2022-11-20T15:03:54+08:00" level=error msg="读取失败" func=go_web_2/Public.Readyml file="c:/Users/Administrator/Desktop/go_web_2/Public/public.go:47"
time="2022-11-20T15:03:54+08:00" level=info msg="数据库连接成功" func=go_web_2/Db.Databaseinit file="c:/Users/Administrator/Desktop/go_web_2/Db/db.go:23"
time="2022-11-20T15:04:01+08:00" level=error msg="查询失败" func=go_web_2/Db.Check_Login_From_Database file="c:/Users/Administrator/Desktop/go_web_2/Db/db.go:63"
time="2022-11-20T15:04:02+08:00" level=error msg="查询失败" func=go_web_2/Db.Check_Login_From_Database file="c:/Users/Administrator/Desktop/go_web_2/Db/db.go:63"
time="2022-11-20T15:04:03+08:00" level=error msg="查询失败" func=go_web_2/Db.Check_Login_From_Database file="c:/Users/Administrator/Desktop/go_web_2/Db/db.go:63"
time="2022-11-20T15:05:17+08:00" level=error msg="读取失败" func=go_web_2/Public.Readyml file="c:/Users/Administrator/Desktop/go_web_2/Public/public.go:47"
time="2022-11-20T15:05:17+08:00" level=error msg="读取失败" func=go_web_2/Public.Readyml file="c:/Users/Administrator/Desktop/go_web_2/Public/public.go:47"
time="2022-11-20T15:05:17+08:00" level=info msg="数据库连接成功" func=go_web_2/Db.Databaseinit file="c:/Users/Administrator/Desktop/go_web_2/Db/db.go:23"
time="2022-11-20T15:05:25+08:00" level=error msg="查询失败" func=go_web_2/Db.Check_Login_From_Database file="c:/Users/Administrator/Desktop/go_web_2/Db/db.go:63"
time="2022-11-20T15:05:26+08:00" level=error msg="查询失败" func=go_web_2/Db.Check_Login_From_Database file="c:/Users/Administrator/Desktop/go_web_2/Db/db.go:63"
time="2022-11-20T15:05:26+08:00" level=error msg="查询失败" func=go_web_2/Db.Check_Login_From_Database file="c:/Users/Administrator/Desktop/go_web_2/Db/db.go:63"
time="2022-11-20T15:05:26+08:00" level=error msg="查询失败" func=go_web_2/Db.Check_Login_From_Database file="c:/Users/Administrator/Desktop/go_web_2/Db/db.go:63"
time="2022-11-20T15:06:17+08:00" level=error msg="读取失败" func=go_web_2/Public.Readyml file="c:/Users/Administrator/Desktop/go_web_2/Public/public.go:47"
time="2022-11-20T15:06:17+08:00" level=error msg="读取失败" func=go_web_2/Public.Readyml file="c:/Users/Administrator/Desktop/go_web_2/Public/public.go:47"
time="2022-11-20T15:06:17+08:00" level=error msg="数据库没有ping" func=go_web_2/Db.MultiConnect.func1 file="c:/Users/Administrator/Desktop/go_web_2/Db/multiConnect.go:21"
time="2022-11-20T15:06:17+08:00" level=info msg="数据库company连接成功!" func=go_web_2/Db.MultiConnect.func1 file="c:/Users/Administrator/Desktop/go_web_2/Db/multiConnect.go:23"
time="2022-11-20T15:06:47+08:00" level=error msg="读取失败" func=go_web_2/Public.Readyml file="c:/Users/Administrator/Desktop/go_web_2/Public/public.go:47"
time="2022-11-20T15:06:47+08:00" level=error msg="读取失败" func=go_web_2/Public.Readyml file="c:/Users/Administrator/Desktop/go_web_2/Public/public.go:47"
time="2022-11-20T15:06:47+08:00" level=info msg="数据库连接成功" func=go_web_2/Db.Databaseinit file="c:/Users/Administrator/Desktop/go_web_2/Db/db.go:23"
time="2022-11-20T15:07:05+08:00" level=error msg="查询失败" func=go_web_2/Db.Check_Login_From_Database file="c:/Users/Administrator/Desktop/go_web_2/Db/db.go:63"
time="2022-11-20T15:07:47+08:00" level=error msg="读取失败" func=go_web_2/Public.Readyml file="c:/Users/Administrator/Desktop/go_web_2/Public/public.go:47"
time="2022-11-20T15:07:47+08:00" level=error msg="读取失败" func=go_web_2/Public.Readyml file="c:/Users/Administrator/Desktop/go_web_2/Public/public.go:47"
time="2022-11-20T15:07:47+08:00" level=error msg="数据库没有ping" func=go_web_2/Db.MultiConnect.func1 file="c:/Users/Administrator/Desktop/go_web_2/Db/multiConnect.go:21"
time="2022-11-20T15:07:47+08:00" level=info msg="数据库company连接成功!" func=go_web_2/Db.MultiConnect.func1 file="c:/Users/Administrator/Desktop/go_web_2/Db/multiConnect.go:23"
time="2022-11-20T15:12:26+08:00" level=error msg="读取失败" func=go_web_2/Public.Readyml file="c:/Users/Administrator/Desktop/go_web_2/Public/public.go:47"
time="2022-11-20T15:12:26+08:00" level=error msg="读取失败" func=go_web_2/Public.Readyml file="c:/Users/Administrator/Desktop/go_web_2/Public/public.go:47"
time="2022-11-20T15:12:26+08:00" level=info msg="数据库连接成功" func=go_web_2/Db.Databaseinit file="c:/Users/Administrator/Desktop/go_web_2/Db/db.go:23"
time="2022-11-20T15:12:34+08:00" level=error msg="Error 1045: Access denied for user 'root'@'localhost' (using password: NO)" func=go_web_2/Db.Check_Login_From_Database file="c:/Users/Administrator/Desktop/go_web_2/Db/db.go:63"
time="2022-11-20T15:16:43+08:00" level=error msg="读取失败" func=go_web_2/Public.Readyml file="c:/Users/Administrator/Desktop/go_web_2/Public/public.go:47"
time="2022-11-20T15:16:43+08:00" level=error msg="读取失败" func=go_web_2/Public.Readyml file="c:/Users/Administrator/Desktop/go_web_2/Public/public.go:47"
time="2022-11-20T15:16:43+08:00" level=info msg="数据库连接成功" func=go_web_2/Db.Databaseinit file="c:/Users/Administrator/Desktop/go_web_2/Db/db.go:23"
time="2022-11-20T15:16:54+08:00" level=error msg="Error 1045: Access denied for user 'root'@'localhost' (using password: NO)" func=go_web_2/Db.Check_Login_From_Database file="c:/Users/Administrator/Desktop/go_web_2/Db/db.go:63"
time="2022-11-20T15:16:55+08:00" level=error msg="Error 1045: Access denied for user 'root'@'localhost' (using password: NO)" func=go_web_2/Db.Check_Login_From_Database file="c:/Users/Administrator/Desktop/go_web_2/Db/db.go:63"
time="2022-11-20T15:20:57+08:00" level=error msg="读取失败" func=go_web_2/Public.Readyml file="c:/Users/Administrator/Desktop/go_web_2/Public/public.go:47"
time="2022-11-20T15:20:57+08:00" level=error msg="读取失败" func=go_web_2/Public.Readyml file="c:/Users/Administrator/Desktop/go_web_2/Public/public.go:47"
time="2022-11-20T15:20:57+08:00" level=info msg="数据库连接成功" func=go_web_2/Db.Databaseinit file="c:/Users/Administrator/Desktop/go_web_2/Db/db.go:23"
time="2022-11-20T15:21:52+08:00" level=error msg="读取失败" func=go_web_2/Public.Readyml file="c:/Users/Administrator/Desktop/go_web_2/Public/public.go:47"
time="2022-11-20T15:21:52+08:00" level=error msg="读取失败" func=go_web_2/Public.Readyml file="c:/Users/Administrator/Desktop/go_web_2/Public/public.go:47"
time="2022-11-20T15:21:52+08:00" level=info msg="数据库连接成功" func=go_web_2/Db.Databaseinit file="c:/Users/Administrator/Desktop/go_web_2/Db/db.go:23"
time="2022-11-20T15:22:52+08:00" level=error msg="读取失败" func=go_web_2/Public.Readyml file="c:/Users/Administrator/Desktop/go_web_2/Public/public.go:47"
time="2022-11-20T15:22:52+08:00" level=error msg="读取失败" func=go_web_2/Public.Readyml file="c:/Users/Administrator/Desktop/go_web_2/Public/public.go:47"
time="2022-11-20T15:22:52+08:00" level=info msg="数据库company连接成功!" func=go_web_2/Db.MultiConnect.func1 file="c:/Users/Administrator/Desktop/go_web_2/Db/multiConnect.go:19"
time="2022-11-20T15:22:52+08:00" level=error msg="Error 1045: Access denied for user 'root'@'localhost' (using password: NO)" func=go_web_2/Db.MultiConnect.func1 file="c:/Users/Administrator/Desktop/go_web_2/Db/multiConnect.go:23"
time="2022-11-20T15:22:58+08:00" level=error msg="读取失败" func=go_web_2/Public.Readyml file="c:/Users/Administrator/Desktop/go_web_2/Public/public.go:47"
time="2022-11-20T15:22:58+08:00" level=error msg="读取失败" func=go_web_2/Public.Readyml file="c:/Users/Administrator/Desktop/go_web_2/Public/public.go:47"
time="2022-11-20T15:22:58+08:00" level=info msg="数据库连接成功" func=go_web_2/Db.Databaseinit file="c:/Users/Administrator/Desktop/go_web_2/Db/db.go:23"
time="2022-11-20T15:23:14+08:00" level=error msg="Error 1045: Access denied for user 'root'@'localhost' (using password: NO)" func=go_web_2/Db.Check_Login_From_Database file="c:/Users/Administrator/Desktop/go_web_2/Db/db.go:63"
time="2022-11-20T15:26:35+08:00" level=error msg="读取失败" func=go_web_2/Public.Readyml file="c:/Users/Administrator/Desktop/go_web_2/Public/public.go:47"
time="2022-11-20T15:26:35+08:00" level=error msg="读取失败" func=go_web_2/Public.Readyml file="c:/Users/Administrator/Desktop/go_web_2/Public/public.go:47"
time="2022-11-20T15:26:35+08:00" level=info msg="数据库连接成功" func=go_web_2/Db.Databaseinit file="c:/Users/Administrator/Desktop/go_web_2/Db/db.go:23"
time="2022-11-20T15:26:44+08:00" level=error msg="Error 1045: Access denied for user 'root'@'localhost' (using password: NO)" func=go_web_2/Db.Check_Login_From_Database file="c:/Users/Administrator/Desktop/go_web_2/Db/db.go:63"
time="2022-11-20T15:27:35+08:00" level=error msg="读取失败" func=go_web_2/Public.Readyml file="c:/Users/Administrator/Desktop/go_web_2/Public/public.go:47"
time="2022-11-20T15:27:35+08:00" level=error msg="读取失败" func=go_web_2/Public.Readyml file="c:/Users/Administrator/Desktop/go_web_2/Public/public.go:47"
time="2022-11-20T15:27:35+08:00" level=info msg="数据库company连接成功!" func=go_web_2/Db.MultiConnect.func1 file="c:/Users/Administrator/Desktop/go_web_2/Db/multiConnect.go:19"
time="2022-11-20T15:27:35+08:00" level=error msg="Error 1045: Access denied for user 'root'@'localhost' (using password: NO)" func=go_web_2/Db.MultiConnect.func1 file="c:/Users/Administrator/Desktop/go_web_2/Db/multiConnect.go:23"
time="2022-11-20T15:34:41+08:00" level=error msg="读取失败" func=go_web_2/Public.Readyml file="c:/Users/Administrator/Desktop/go_web_2/Public/public.go:47"
time="2022-11-20T15:34:41+08:00" level=error msg="读取失败" func=go_web_2/Public.Readyml file="c:/Users/Administrator/Desktop/go_web_2/Public/public.go:47"
time="2022-11-20T15:34:41+08:00" level=info msg="数据库连接成功" func=go_web_2/Db.Databaseinit file="c:/Users/Administrator/Desktop/go_web_2/Db/db.go:23"
time="2022-11-20T15:35:41+08:00" level=error msg="读取失败" func=go_web_2/Public.Readyml file="c:/Users/Administrator/Desktop/go_web_2/Public/public.go:47"
time="2022-11-20T15:35:41+08:00" level=error msg="读取失败" func=go_web_2/Public.Readyml file="c:/Users/Administrator/Desktop/go_web_2/Public/public.go:47"
time="2022-11-20T15:35:41+08:00" level=info msg="数据库company连接成功!" func=go_web_2/Db.MultiConnect.func1 file="c:/Users/Administrator/Desktop/go_web_2/Db/multiConnect.go:19"
time="2022-11-20T15:35:41+08:00" level=error msg="Error 1045: Access denied for user 'root'@'localhost' (using password: NO)" func=go_web_2/Db.MultiConnect.func1 file="c:/Users/Administrator/Desktop/go_web_2/Db/multiConnect.go:23"
time="2022-11-20T15:50:05+08:00" level=error msg="读取失败" func=go_web_2/Public.Readyml file="c:/Users/Administrator/Desktop/go_web_2/Public/public.go:47"
time="2022-11-20T15:50:05+08:00" level=error msg="读取失败" func=go_web_2/Public.Readyml file="c:/Users/Administrator/Desktop/go_web_2/Public/public.go:47"
time="2022-11-20T15:50:05+08:00" level=info msg="数据库连接成功" func=go_web_2/Db.Databaseinit file="c:/Users/Administrator/Desktop/go_web_2/Db/db.go:23"
time="2022-11-20T15:50:21+08:00" level=error msg="查询失败" func=go_web_2/Db.Check_from_Database file="c:/Users/Administrator/Desktop/go_web_2/Db/db.go:47"
time="2022-11-20T15:56:53+08:00" level=error msg="读取失败" func=go_web_2/Public.Readyml file="c:/Users/Administrator/Desktop/go_web_2/Public/public.go:47"
time="2022-11-20T15:56:53+08:00" level=error msg="读取失败" func=go_web_2/Public.Readyml file="c:/Users/Administrator/Desktop/go_web_2/Public/public.go:47"
time="2022-11-20T15:56:53+08:00" level=info msg="数据库连接成功" func=go_web_2/Db.Databaseinit file="c:/Users/Administrator/Desktop/go_web_2/Db/db.go:23"
time="2022-11-20T16:03:21+08:00" level=error msg="读取失败" func=go_web_2/Public.Readyml file="c:/Users/Administrator/Desktop/go_web_2/Public/public.go:49"
time="2022-11-20T16:03:21+08:00" level=error msg="读取失败" func=go_web_2/Public.Readyml file="c:/Users/Administrator/Desktop/go_web_2/Public/public.go:49"
time="2022-11-20T16:03:21+08:00" level=info msg="数据库连接成功" func=go_web_2/Db.Databaseinit file="c:/Users/Administrator/Desktop/go_web_2/Db/db.go:23"
time="2022-11-20T16:04:21+08:00" level=error msg="读取失败" func=go_web_2/Public.Readyml file="c:/Users/Administrator/Desktop/go_web_2/Public/public.go:49"
time="2022-11-20T16:04:21+08:00" level=error msg="读取失败" func=go_web_2/Public.Readyml file="c:/Users/Administrator/Desktop/go_web_2/Public/public.go:49"
time="2022-11-20T16:04:21+08:00" level=info msg="数据库company连接成功!" func=go_web_2/Db.MultiConnect.func1 file="c:/Users/Administrator/Desktop/go_web_2/Db/multiConnect.go:19"
time="2022-11-20T16:04:21+08:00" level=error msg="Error 1045: Access denied for user 'root'@'localhost' (using password: NO)" func=go_web_2/Db.MultiConnect.func1 file="c:/Users/Administrator/Desktop/go_web_2/Db/multiConnect.go:23"
time="2022-11-20T16:04:32+08:00" level=error msg="Config File \"Config\" Not Found in \"[c:\\\\Users\\\\Administrator\\\\Desktop\\\\go_web_2Go_Web_2\\\\Public]\"" func=go_web_2/Public.Readyml file="c:/Users/Administrator/Desktop/go_web_2/Public/public.go:49"
time="2022-11-20T16:04:32+08:00" level=error msg="Config File \"Config\" Not Found in \"[c:\\\\Users\\\\Administrator\\\\Desktop\\\\go_web_2Go_Web_2\\\\Public]\"" func=go_web_2/Public.Readyml file="c:/Users/Administrator/Desktop/go_web_2/Public/public.go:49"
time="2022-11-20T16:04:32+08:00" level=info msg="数据库连接成功" func=go_web_2/Db.Databaseinit file="c:/Users/Administrator/Desktop/go_web_2/Db/db.go:23"
time="2022-11-20T16:05:32+08:00" level=error msg="Config File \"Config\" Not Found in \"[c:\\\\Users\\\\Administrator\\\\Desktop\\\\go_web_2Go_Web_2\\\\Public]\"" func=go_web_2/Public.Readyml file="c:/Users/Administrator/Desktop/go_web_2/Public/public.go:49"
time="2022-11-20T16:05:32+08:00" level=error msg="Config File \"Config\" Not Found in \"[c:\\\\Users\\\\Administrator\\\\Desktop\\\\go_web_2Go_Web_2\\\\Public]\"" func=go_web_2/Public.Readyml file="c:/Users/Administrator/Desktop/go_web_2/Public/public.go:49"
time="2022-11-20T16:05:32+08:00" level=info msg="数据库company连接成功!" func=go_web_2/Db.MultiConnect.func1 file="c:/Users/Administrator/Desktop/go_web_2/Db/multiConnect.go:19"
time="2022-11-20T16:05:32+08:00" level=error msg="Error 1045: Access denied for user 'root'@'localhost' (using password: NO)" func=go_web_2/Db.MultiConnect.func1 file="c:/Users/Administrator/Desktop/go_web_2/Db/multiConnect.go:23"
time="2022-11-20T16:06:46+08:00" level=error msg="Config File \"Config\" Not Found in \"[c:\\\\Users\\\\Administrator\\\\Desktop\\\\go_web_2]\"" func=go_web_2/Public.Readyml file="c:/Users/Administrator/Desktop/go_web_2/Public/public.go:47"
time="2022-11-20T16:06:46+08:00" level=error msg="Config File \"Config\" Not Found in \"[c:\\\\Users\\\\Administrator\\\\Desktop\\\\go_web_2]\"" func=go_web_2/Public.Readyml file="c:/Users/Administrator/Desktop/go_web_2/Public/public.go:47"
time="2022-11-20T16:06:46+08:00" level=info msg="数据库连接成功" func=go_web_2/Db.Databaseinit file="c:/Users/Administrator/Desktop/go_web_2/Db/db.go:23"
time="2022-11-20T16:07:46+08:00" level=error msg="Config File \"Config\" Not Found in \"[c:\\\\Users\\\\Administrator\\\\Desktop\\\\go_web_2]\"" func=go_web_2/Public.Readyml file="c:/Users/Administrator/Desktop/go_web_2/Public/public.go:47"
time="2022-11-20T16:07:46+08:00" level=error msg="Config File \"Config\" Not Found in \"[c:\\\\Users\\\\Administrator\\\\Desktop\\\\go_web_2]\"" func=go_web_2/Public.Readyml file="c:/Users/Administrator/Desktop/go_web_2/Public/public.go:47"
time="2022-11-20T16:07:46+08:00" level=info msg="数据库company连接成功!" func=go_web_2/Db.MultiConnect.func1 file="c:/Users/Administrator/Desktop/go_web_2/Db/multiConnect.go:19"
time="2022-11-20T16:07:46+08:00" level=error msg="Error 1045: Access denied for user 'root'@'localhost' (using password: NO)" func=go_web_2/Db.MultiConnect.func1 file="c:/Users/Administrator/Desktop/go_web_2/Db/multiConnect.go:23"
time="2022-11-20T16:08:31+08:00" level=error msg="Config File \"Cfig\" Not Found in \"[c:\\\\Users\\\\Administrator\\\\Desktop\\\\go_web_2]\"" func=go_web_2/Public.Readyml file="c:/Users/Administrator/Desktop/go_web_2/Public/public.go:47"
time="2022-11-20T16:08:31+08:00" level=error msg="Config File \"Cfig\" Not Found in \"[c:\\\\Users\\\\Administrator\\\\Desktop\\\\go_web_2]\"" func=go_web_2/Public.Readyml file="c:/Users/Administrator/Desktop/go_web_2/Public/public.go:47"
time="2022-11-20T16:08:31+08:00" level=info msg="数据库连接成功" func=go_web_2/Db.Databaseinit file="c:/Users/Administrator/Desktop/go_web_2/Db/db.go:23"
time="2022-11-20T16:09:31+08:00" level=error msg="Config File \"Cfig\" Not Found in \"[c:\\\\Users\\\\Administrator\\\\Desktop\\\\go_web_2]\"" func=go_web_2/Public.Readyml file="c:/Users/Administrator/Desktop/go_web_2/Public/public.go:47"
time="2022-11-20T16:09:31+08:00" level=error msg="Config File \"Cfig\" Not Found in \"[c:\\\\Users\\\\Administrator\\\\Desktop\\\\go_web_2]\"" func=go_web_2/Public.Readyml file="c:/Users/Administrator/Desktop/go_web_2/Public/public.go:47"
time="2022-11-20T16:09:31+08:00" level=info msg="数据库company连接成功!" func=go_web_2/Db.MultiConnect.func1 file="c:/Users/Administrator/Desktop/go_web_2/Db/multiConnect.go:19"
time="2022-11-20T16:09:31+08:00" level=error msg="Error 1045: Access denied for user 'root'@'localhost' (using password: NO)" func=go_web_2/Db.MultiConnect.func1 file="c:/Users/Administrator/Desktop/go_web_2/Db/multiConnect.go:23"
time="2022-11-20T16:11:05+08:00" level=info msg="数据库连接成功" func=go_web_2/Db.Databaseinit file="c:/Users/Administrator/Desktop/go_web_2/Db/db.go:23"
time="2022-11-20T16:11:29+08:00" level=info msg="数据库连接成功" func=go_web_2/Db.Databaseinit file="c:/Users/Administrator/Desktop/go_web_2/Db/db.go:23"
time="2022-11-20T16:12:12+08:00" level=info msg="读取yml文件成功" func=go_web_2/Public.Readyml file="c:/Users/Administrator/Desktop/go_web_2/Public/public.go:49"
time="2022-11-20T16:12:12+08:00" level=info msg="读取yml文件成功" func=go_web_2/Public.Readyml file="c:/Users/Administrator/Desktop/go_web_2/Public/public.go:49"
time="2022-11-20T16:12:12+08:00" level=info msg="数据库连接成功" func=go_web_2/Db.Databaseinit file="c:/Users/Administrator/Desktop/go_web_2/Db/db.go:23"
time="2022-11-20T16:12:21+08:00" level=info msg="读取yml文件成功" func=go_web_2/Public.Readyml file="c:/Users/Administrator/Desktop/go_web_2/Public/public.go:49"
time="2022-11-20T16:12:21+08:00" level=info msg="读取yml文件成功" func=go_web_2/Public.Readyml file="c:/Users/Administrator/Desktop/go_web_2/Public/public.go:49"
time="2022-11-20T16:12:21+08:00" level=info msg="数据库连接成功" func=go_web_2/Db.Databaseinit file="c:/Users/Administrator/Desktop/go_web_2/Db/db.go:23"
time="2022-11-20T16:13:53+08:00" level=error msg="Config File \"Cfig\" Not Found in \"[c:\\\\Users\\\\Administrator\\\\Desktop\\\\go_web_2\\\\Go_Web_2\\\\Public]\"" func=go_web_2/Public.Readyml file="c:/Users/Administrator/Desktop/go_web_2/Public/public.go:47"
time="2022-11-20T16:13:53+08:00" level=error msg="Config File \"Cfig\" Not Found in \"[c:\\\\Users\\\\Administrator\\\\Desktop\\\\go_web_2\\\\Go_Web_2\\\\Public]\"" func=go_web_2/Public.Readyml file="c:/Users/Administrator/Desktop/go_web_2/Public/public.go:47"
time="2022-11-20T16:13:53+08:00" level=info msg="数据库连接成功" func=go_web_2/Db.Databaseinit file="c:/Users/Administrator/Desktop/go_web_2/Db/db.go:23"
time="2022-11-20T16:16:56+08:00" level=error msg="Config File \"Cfig\" Not Found in \"[c:\\\\Users\\\\Administrator\\\\Desktop\\\\go_web_2\\\\Go_Web_2\\\\Public]\"" func=go_web_2/Public.Readyml file="c:/Users/Administrator/Desktop/go_web_2/Public/public.go:47"
time="2022-11-20T16:16:56+08:00" level=error msg="Config File \"Cfig\" Not Found in \"[c:\\\\Users\\\\Administrator\\\\Desktop\\\\go_web_2\\\\Go_Web_2\\\\Public]\"" func=go_web_2/Public.Readyml file="c:/Users/Administrator/Desktop/go_web_2/Public/public.go:47"
time="2022-11-20T16:16:56+08:00" level=info msg="数据库连接成功" func=go_web_2/Db.Databaseinit file="c:/Users/Administrator/Desktop/go_web_2/Db/db.go:23"
time="2022-11-20T16:17:05+08:00" level=error msg="Error 1045: Access denied for user 'root'@'localhost' (using password: NO)" func=go_web_2/Db.Check_Login_From_Database file="c:/Users/Administrator/Desktop/go_web_2/Db/db.go:63"
time="2022-11-20T16:17:06+08:00" level=error msg="Error 1045: Access denied for user 'root'@'localhost' (using password: NO)" func=go_web_2/Db.Check_Login_From_Database file="c:/Users/Administrator/Desktop/go_web_2/Db/db.go:63"
time="2022-11-20T16:18:06+08:00" level=info msg="读取yml文件成功" func=go_web_2/Public.Readyml file="c:/Users/Administrator/Desktop/go_web_2/Public/public.go:49"
time="2022-11-20T16:18:06+08:00" level=info msg="读取yml文件成功" func=go_web_2/Public.Readyml file="c:/Users/Administrator/Desktop/go_web_2/Public/public.go:49"
time="2022-11-20T16:18:06+08:00" level=info msg="数据库连接成功" func=go_web_2/Db.Databaseinit file="c:/Users/Administrator/Desktop/go_web_2/Db/db.go:23"
time="2022-11-20T16:18:34+08:00" level=error msg="查询失败" func=go_web_2/Db.Check_All_From_Database file="c:/Users/Administrator/Desktop/go_web_2/Db/db.go:155"
time="2022-11-20T16:18:43+08:00" level=error msg="更改成功" func=go_web_2/Db.Modify_from_Database file="c:/Users/Administrator/Desktop/go_web_2/Db/db.go:108"
time="2022-11-20T16:18:44+08:00" level=error msg="查询失败" func=go_web_2/Db.Check_All_From_Database file="c:/Users/Administrator/Desktop/go_web_2/Db/db.go:155"
time="2022-11-20T16:18:46+08:00" level=error msg="删除成功" func=go_web_2/Db.Dlelete_from_Database file="c:/Users/Administrator/Desktop/go_web_2/Db/db.go:91"
time="2022-11-20T16:18:55+08:00" level=error msg="查询失败" func=go_web_2/Db.Check_All_From_Database file="c:/Users/Administrator/Desktop/go_web_2/Db/db.go:155"
time="2022-11-20T16:19:06+08:00" level=info msg="读取yml文件成功" func=go_web_2/Public.Readyml file="c:/Users/Administrator/Desktop/go_web_2/Public/public.go:49"
time="2022-11-20T16:19:06+08:00" level=info msg="读取yml文件成功" func=go_web_2/Public.Readyml file="c:/Users/Administrator/Desktop/go_web_2/Public/public.go:49"
time="2022-11-20T16:19:06+08:00" level=info msg="数据库company连接成功!" func=go_web_2/Db.MultiConnect.func1 file="c:/Users/Administrator/Desktop/go_web_2/Db/multiConnect.go:19"
time="2022-11-20T16:23:03+08:00" level=info msg="读取yml文件成功" func=go_web_2/Public.Readyml file="c:/Users/Administrator/Desktop/go_web_2/Public/public.go:49"
time="2022-11-20T16:23:03+08:00" level=info msg="读取yml文件成功" func=go_web_2/Public.Readyml file="c:/Users/Administrator/Desktop/go_web_2/Public/public.go:49"
time="2022-11-20T16:23:03+08:00" level=info msg="数据库连接成功" func=go_web_2/Db.Databaseinit file="c:/Users/Administrator/Desktop/go_web_2/Db/db.go:23"
time="2022-11-20T16:23:12+08:00" level=error msg="查询失败" func=go_web_2/Db.Check_All_From_Database file="c:/Users/Administrator/Desktop/go_web_2/Db/db.go:155"
time="2022-11-20T16:24:03+08:00" level=info msg="读取yml文件成功" func=go_web_2/Public.Readyml file="c:/Users/Administrator/Desktop/go_web_2/Public/public.go:49"
time="2022-11-20T16:24:03+08:00" level=info msg="读取yml文件成功" func=go_web_2/Public.Readyml file="c:/Users/Administrator/Desktop/go_web_2/Public/public.go:49"
time="2022-11-20T16:24:03+08:00" level=info msg="数据库company连接成功!" func=go_web_2/Db.MultiConnect.func1 file="c:/Users/Administrator/Desktop/go_web_2/Db/multiConnect.go:19"
time="2022-11-20T16:28:31+08:00" level=info msg="读取yml文件成功" func=go_web_2/Public.Readyml file="c:/Users/Administrator/Desktop/go_web_2/Public/public.go:49"
time="2022-11-20T16:28:31+08:00" level=info msg="读取yml文件成功" func=go_web_2/Public.Readyml file="c:/Users/Administrator/Desktop/go_web_2/Public/public.go:49"
time="2022-11-20T16:28:31+08:00" level=info msg="数据库连接成功" func=go_web_2/Db.Databaseinit file="c:/Users/Administrator/Desktop/go_web_2/Db/db.go:23"
time="2022-11-20T16:28:40+08:00" level=error msg="查询失败" func=go_web_2/Db.Check_All_From_Database file="c:/Users/Administrator/Desktop/go_web_2/Db/db.go:155"
time="2022-11-20T16:29:31+08:00" level=error msg="查询失败" func=go_web_2/Db.Check_All_From_Database file="c:/Users/Administrator/Desktop/go_web_2/Db/db.go:155"
time="2022-11-20T16:29:31+08:00" level=info msg="读取yml文件成功" func=go_web_2/Public.Readyml file="c:/Users/Administrator/Desktop/go_web_2/Public/public.go:49"
time="2022-11-20T16:29:31+08:00" level=info msg="读取yml文件成功" func=go_web_2/Public.Readyml file="c:/Users/Administrator/Desktop/go_web_2/Public/public.go:49"
time="2022-11-20T16:29:31+08:00" level=info msg="数据库company连接成功!" func=go_web_2/Db.MultiConnect.func1 file="c:/Users/Administrator/Desktop/go_web_2/Db/multiConnect.go:19"
time="2022-11-20T16:36:14+08:00" level=info msg="读取yml文件成功" func=go_web_2/Public.Readyml file="c:/Users/Administrator/Desktop/go_web_2/Public/public.go:49"
time="2022-11-20T16:36:14+08:00" level=info msg="读取yml文件成功" func=go_web_2/Public.Readyml file="c:/Users/Administrator/Desktop/go_web_2/Public/public.go:49"
time="2022-11-20T16:36:14+08:00" level=info msg="数据库连接成功" func=go_web_2/Db.Databaseinit file="c:/Users/Administrator/Desktop/go_web_2/Db/db.go:23"
time="2022-11-20T17:00:47+08:00" level=info msg="读取yml文件成功" func=go_web_2/Public.Readyml file="c:/Users/Administrator/Desktop/go_web_2/Public/public.go:49"
time="2022-11-20T17:00:47+08:00" level=info msg="读取yml文件成功" func=go_web_2/Public.Readyml file="c:/Users/Administrator/Desktop/go_web_2/Public/public.go:49"
time="2022-11-20T17:00:47+08:00" level=info msg="数据库连接成功" func=go_web_2/Db.Databaseinit file="c:/Users/Administrator/Desktop/go_web_2/Db/db.go:23"
time="2022-11-20T17:01:00+08:00" level=error msg="查询失败" func=go_web_2/Db.Check_All_From_Database file="c:/Users/Administrator/Desktop/go_web_2/Db/db.go:155"
time="2022-11-20T17:01:47+08:00" level=info msg="读取yml文件成功" func=go_web_2/Public.Readyml file="c:/Users/Administrator/Desktop/go_web_2/Public/public.go:49"
time="2022-11-20T17:01:47+08:00" level=info msg="读取yml文件成功" func=go_web_2/Public.Readyml file="c:/Users/Administrator/Desktop/go_web_2/Public/public.go:49"
time="2022-11-20T17:01:47+08:00" level=info msg="数据库company连接成功!" func=go_web_2/Db.MultiConnect.func1 file="c:/Users/Administrator/Desktop/go_web_2/Db/multiConnect.go:19"
time="2022-11-20T17:03:16+08:00" level=info msg="读取yml文件成功" func=go_web_2/Public.Readyml file="c:/Users/Administrator/Desktop/go_web_2/Public/public.go:49"
time="2022-11-20T17:03:16+08:00" level=info msg="读取yml文件成功" func=go_web_2/Public.Readyml file="c:/Users/Administrator/Desktop/go_web_2/Public/public.go:49"
time="2022-11-20T17:03:16+08:00" level=info msg="数据库连接成功" func=go_web_2/Db.Databaseinit file="c:/Users/Administrator/Desktop/go_web_2/Db/db.go:23"
time="2022-11-20T17:03:24+08:00" level=error msg="查询失败" func=go_web_2/Db.Check_All_From_Database file="c:/Users/Administrator/Desktop/go_web_2/Db/db.go:155"
time="2022-11-20T17:03:24+08:00" level=error msg="查询失败" func=go_web_2/Db.Check_All_From_Database file="c:/Users/Administrator/Desktop/go_web_2/Db/db.go:155"
time="2022-11-20T17:03:24+08:00" level=error msg="查询失败" func=go_web_2/Db.Check_All_From_Database file="c:/Users/Administrator/Desktop/go_web_2/Db/db.go:155"
time="2022-11-20T17:03:24+08:00" level=error msg="查询失败" func=go_web_2/Db.Check_All_From_Database file="c:/Users/Administrator/Desktop/go_web_2/Db/db.go:155"
time="2022-11-20T17:04:04+08:00" level=error msg="查询失败" func=go_web_2/Db.Check_All_From_Database file="c:/Users/Administrator/Desktop/go_web_2/Db/db.go:155"
time="2022-11-20T17:04:04+08:00" level=error msg="查询失败" func=go_web_2/Db.Check_All_From_Database file="c:/Users/Administrator/Desktop/go_web_2/Db/db.go:155"
time="2022-11-20T17:04:04+08:00" level=error msg="查询失败" func=go_web_2/Db.Check_All_From_Database file="c:/Users/Administrator/Desktop/go_web_2/Db/db.go:155"
time="2022-11-20T17:04:04+08:00" level=error msg="查询失败" func=go_web_2/Db.Check_All_From_Database file="c:/Users/Administrator/Desktop/go_web_2/Db/db.go:155"
time="2022-11-20T17:04:05+08:00" level=error msg="查询失败" func=go_web_2/Db.Check_All_From_Database file="c:/Users/Administrator/Desktop/go_web_2/Db/db.go:155"
time="2022-11-20T17:04:05+08:00" level=error msg="查询失败" func=go_web_2/Db.Check_All_From_Database file="c:/Users/Administrator/Desktop/go_web_2/Db/db.go:155"
time="2022-11-20T17:04:05+08:00" level=error msg="查询失败" func=go_web_2/Db.Check_All_From_Database file="c:/Users/Administrator/Desktop/go_web_2/Db/db.go:155"
time="2022-11-20T17:04:05+08:00" level=error msg="查询失败" func=go_web_2/Db.Check_All_From_Database file="c:/Users/Administrator/Desktop/go_web_2/Db/db.go:155"
time="2022-11-20T17:04:05+08:00" level=error msg="查询失败" func=go_web_2/Db.Check_All_From_Database file="c:/Users/Administrator/Desktop/go_web_2/Db/db.go:155"
time="2022-11-20T17:04:05+08:00" level=error msg="查询失败" func=go_web_2/Db.Check_All_From_Database file="c:/Users/Administrator/Desktop/go_web_2/Db/db.go:155"
time="2022-11-20T17:04:05+08:00" level=error msg="查询失败" func=go_web_2/Db.Check_All_From_Database file="c:/Users/Administrator/Desktop/go_web_2/Db/db.go:155"
time="2022-11-20T17:04:05+08:00" level=error msg="查询失败" func=go_web_2/Db.Check_All_From_Database file="c:/Users/Administrator/Desktop/go_web_2/Db/db.go:155"
time="2022-11-20T17:04:05+08:00" level=error msg="查询失败" func=go_web_2/Db.Check_All_From_Database file="c:/Users/Administrator/Desktop/go_web_2/Db/db.go:155"
time="2022-11-20T17:04:05+08:00" level=error msg="查询失败" func=go_web_2/Db.Check_All_From_Database file="c:/Users/Administrator/Desktop/go_web_2/Db/db.go:155"
time="2022-11-20T17:04:05+08:00" level=error msg="查询失败" func=go_web_2/Db.Check_All_From_Database file="c:/Users/Administrator/Desktop/go_web_2/Db/db.go:155"
time="2022-11-20T17:04:05+08:00" level=error msg="查询失败" func=go_web_2/Db.Check_All_From_Database file="c:/Users/Administrator/Desktop/go_web_2/Db/db.go:155"
time="2022-11-20T17:04:05+08:00" level=error msg="查询失败" func=go_web_2/Db.Check_All_From_Database file="c:/Users/Administrator/Desktop/go_web_2/Db/db.go:155"
time="2022-11-20T17:04:05+08:00" level=error msg="查询失败" func=go_web_2/Db.Check_All_From_Database file="c:/Users/Administrator/Desktop/go_web_2/Db/db.go:155"
time="2022-11-20T17:04:05+08:00" level=error msg="查询失败" func=go_web_2/Db.Check_All_From_Database file="c:/Users/Administrator/Desktop/go_web_2/Db/db.go:155"
time="2022-11-20T17:04:05+08:00" level=error msg="查询失败" func=go_web_2/Db.Check_All_From_Database file="c:/Users/Administrator/Desktop/go_web_2/Db/db.go:155"
time="2022-11-20T19:12:17+08:00" level=info msg="读取yml文件成功" func=go_web_2/Public.Readyml file="c:/Users/Administrator/Desktop/go_web_2/Public/public.go:49"
time="2022-11-20T19:12:17+08:00" level=info msg="读取yml文件成功" func=go_web_2/Public.Readyml file="c:/Users/Administrator/Desktop/go_web_2/Public/public.go:49"
time="2022-11-20T19:12:17+08:00" level=info msg="数据库连接成功" func=go_web_2/Db.Databaseinit file="c:/Users/Administrator/Desktop/go_web_2/Db/db.go:23"
time="2022-11-20T19:12:39+08:00" level=error msg="sql: Scan error on column index 1, name \"time\": converting NULL to string is unsupported" func=go_web_2/Db.Check_All_From_Database file="c:/Users/Administrator/Desktop/go_web_2/Db/db.go:155"
time="2022-11-20T19:12:41+08:00" level=error msg="sql: Scan error on column index 1, name \"time\": converting NULL to string is unsupported" func=go_web_2/Db.Check_All_From_Database file="c:/Users/Administrator/Desktop/go_web_2/Db/db.go:155"
time="2022-11-20T19:12:41+08:00" level=error msg="sql: Scan error on column index 1, name \"time\": converting NULL to string is unsupported" func=go_web_2/Db.Check_All_From_Database file="c:/Users/Administrator/Desktop/go_web_2/Db/db.go:155"
time="2022-11-20T19:12:41+08:00" level=error msg="sql: Scan error on column index 1, name \"time\": converting NULL to string is unsupported" func=go_web_2/Db.Check_All_From_Database file="c:/Users/Administrator/Desktop/go_web_2/Db/db.go:155"
time="2022-11-20T20:50:53+08:00" level=info msg="读取yml文件成功" func=go_web_2/Public.ReadConfiguration file="c:/Users/Administrator/Desktop/go_web_2/Public/public.go:50"
time="2022-11-20T20:50:53+08:00" level=info msg="读取yml文件成功" func=go_web_2/Public.ReadConfiguration file="c:/Users/Administrator/Desktop/go_web_2/Public/public.go:50"
time="2022-11-20T20:50:53+08:00" level=info msg="数据库连接成功" func=go_web_2/Db.Databaseinit file="c:/Users/Administrator/Desktop/go_web_2/Db/db.go:23"
time="2022-11-20T20:51:05+08:00" level=error msg="sql: expected 3 destination arguments in Scan, not 4" func=go_web_2/Db.Check_All_From_Database file="c:/Users/Administrator/Desktop/go_web_2/Db/db.go:155"
time="2022-11-20T20:51:05+08:00" level=error msg="sql: expected 3 destination arguments in Scan, not 4" func=go_web_2/Db.Check_All_From_Database file="c:/Users/Administrator/Desktop/go_web_2/Db/db.go:155"
time="2022-11-20T20:51:05+08:00" level=error msg="sql: expected 3 destination arguments in Scan, not 4" func=go_web_2/Db.Check_All_From_Database file="c:/Users/Administrator/Desktop/go_web_2/Db/db.go:155"
time="2022-11-20T20:51:05+08:00" level=error msg="sql: expected 3 destination arguments in Scan, not 4" func=go_web_2/Db.Check_All_From_Database file="c:/Users/Administrator/Desktop/go_web_2/Db/db.go:155"
time="2022-11-20T20:51:33+08:00" level=info msg="读取yml文件成功" func=go_web_2/Public.ReadConfiguration file="c:/Users/Administrator/Desktop/go_web_2/Public/public.go:50"
time="2022-11-20T20:51:33+08:00" level=info msg="读取yml文件成功" func=go_web_2/Public.ReadConfiguration file="c:/Users/Administrator/Desktop/go_web_2/Public/public.go:50"
time="2022-11-20T20:51:33+08:00" level=info msg="数据库连接成功" func=go_web_2/Db.Databaseinit file="c:/Users/Administrator/Desktop/go_web_2/Db/db.go:23"
time="2022-11-20T20:51:48+08:00" level=error msg="sql: expected 3 destination arguments in Scan, not 4" func=go_web_2/Db.Check_All_From_Database file="c:/Users/Administrator/Desktop/go_web_2/Db/db.go:155"
time="2022-11-20T20:51:48+08:00" level=error msg="sql: expected 3 destination arguments in Scan, not 4" func=go_web_2/Db.Check_All_From_Database file="c:/Users/Administrator/Desktop/go_web_2/Db/db.go:155"
time="2022-11-20T20:51:48+08:00" level=error msg="sql: expected 3 destination arguments in Scan, not 4" func=go_web_2/Db.Check_All_From_Database file="c:/Users/Administrator/Desktop/go_web_2/Db/db.go:155"
time="2022-11-20T20:51:48+08:00" level=error msg="sql: expected 3 destination arguments in Scan, not 4" func=go_web_2/Db.Check_All_From_Database file="c:/Users/Administrator/Desktop/go_web_2/Db/db.go:155"
time="2022-11-20T20:52:17+08:00" level=info msg="读取yml文件成功" func=go_web_2/Public.ReadConfiguration file="c:/Users/Administrator/Desktop/go_web_2/Public/public.go:50"
time="2022-11-20T20:52:17+08:00" level=info msg="读取yml文件成功" func=go_web_2/Public.ReadConfiguration file="c:/Users/Administrator/Desktop/go_web_2/Public/public.go:50"
time="2022-11-20T20:52:17+08:00" level=info msg="数据库连接成功" func=go_web_2/Db.Databaseinit file="c:/Users/Administrator/Desktop/go_web_2/Db/db.go:23"
time="2022-11-20T20:52:25+08:00" level=error msg="sql: expected 3 destination arguments in Scan, not 4" func=go_web_2/Db.Check_All_From_Database file="c:/Users/Administrator/Desktop/go_web_2/Db/db.go:155"
time="2022-11-20T20:52:25+08:00" level=error msg="sql: expected 3 destination arguments in Scan, not 4" func=go_web_2/Db.Check_All_From_Database file="c:/Users/Administrator/Desktop/go_web_2/Db/db.go:155"
time="2022-11-20T20:52:25+08:00" level=error msg="sql: expected 3 destination arguments in Scan, not 4" func=go_web_2/Db.Check_All_From_Database file="c:/Users/Administrator/Desktop/go_web_2/Db/db.go:155"
time="2022-11-20T20:52:25+08:00" level=error msg="sql: expected 3 destination arguments in Scan, not 4" func=go_web_2/Db.Check_All_From_Database file="c:/Users/Administrator/Desktop/go_web_2/Db/db.go:155"
time="2022-11-20T20:54:17+08:00" level=info msg="读取yml文件成功" func=go_web_2/Public.ReadConfiguration file="c:/Users/Administrator/Desktop/go_web_2/Public/public.go:50"
time="2022-11-20T20:54:17+08:00" level=info msg="读取yml文件成功" func=go_web_2/Public.ReadConfiguration file="c:/Users/Administrator/Desktop/go_web_2/Public/public.go:50"
time="2022-11-20T20:54:17+08:00" level=info msg="数据库company连接成功!" func=go_web_2/Db.MultiConnect.func1 file="c:/Users/Administrator/Desktop/go_web_2/Db/multiConnect.go:19"
time="2022-11-20T20:55:37+08:00" level=info msg="读取yml文件成功" func=go_web_2/Public.ReadConfiguration file="c:/Users/Administrator/Desktop/go_web_2/Public/public.go:50"
time="2022-11-20T20:55:37+08:00" level=info msg="读取yml文件成功" func=go_web_2/Public.ReadConfiguration file="c:/Users/Administrator/Desktop/go_web_2/Public/public.go:50"
time="2022-11-20T20:55:37+08:00" level=info msg="数据库连接成功" func=go_web_2/Db.Databaseinit file="c:/Users/Administrator/Desktop/go_web_2/Db/db.go:23"
time="2022-11-20T20:57:37+08:00" level=info msg="读取yml文件成功" func=go_web_2/Public.ReadConfiguration file="c:/Users/Administrator/Desktop/go_web_2/Public/public.go:50"
time="2022-11-20T20:57:37+08:00" level=info msg="读取yml文件成功" func=go_web_2/Public.ReadConfiguration file="c:/Users/Administrator/Desktop/go_web_2/Public/public.go:50"
time="2022-11-20T20:57:37+08:00" level=info msg="数据库company连接成功!" func=go_web_2/Db.MultiConnect.func1 file="c:/Users/Administrator/Desktop/go_web_2/Db/multiConnect.go:19"
time="2022-11-20T20:59:39+08:00" level=info msg="读取yml文件成功" func=go_web_2/Public.ReadConfiguration file="c:/Users/Administrator/Desktop/go_web_2/Public/public.go:50"
time="2022-11-20T20:59:39+08:00" level=info msg="读取yml文件成功" func=go_web_2/Public.ReadConfiguration file="c:/Users/Administrator/Desktop/go_web_2/Public/public.go:50"
time="2022-11-20T20:59:39+08:00" level=info msg="数据库连接成功" func=go_web_2/Db.Databaseinit file="c:/Users/Administrator/Desktop/go_web_2/Db/db.go:23"
time="2022-11-20T21:02:41+08:00" level=info msg="读取yml文件成功" func=go_web_2/Public.ReadConfiguration file="c:/Users/Administrator/Desktop/go_web_2/Public/public.go:50"
time="2022-11-20T21:02:41+08:00" level=info msg="读取yml文件成功" func=go_web_2/Public.ReadConfiguration file="c:/Users/Administrator/Desktop/go_web_2/Public/public.go:50"
time="2022-11-20T21:02:41+08:00" level=info msg="数据库连接成功" func=go_web_2/Db.Databaseinit file="c:/Users/Administrator/Desktop/go_web_2/Db/db.go:23"
time="2022-11-20T21:05:11+08:00" level=info msg="读取yml文件成功" func=go_web_2/Public.ReadConfiguration file="c:/Users/Administrator/Desktop/go_web_2/Public/public.go:50"
time="2022-11-20T21:05:11+08:00" level=info msg="读取yml文件成功" func=go_web_2/Public.ReadConfiguration file="c:/Users/Administrator/Desktop/go_web_2/Public/public.go:50"
time="2022-11-20T21:05:11+08:00" level=info msg="数据库连接成功" func=go_web_2/Db.Databaseinit file="c:/Users/Administrator/Desktop/go_web_2/Db/db.go:23"
time="2022-11-20T21:07:11+08:00" level=info msg="读取yml文件成功" func=go_web_2/Public.ReadConfiguration file="c:/Users/Administrator/Desktop/go_web_2/Public/public.go:50"
time="2022-11-20T21:07:11+08:00" level=info msg="读取yml文件成功" func=go_web_2/Public.ReadConfiguration file="c:/Users/Administrator/Desktop/go_web_2/Public/public.go:50"
time="2022-11-20T21:07:11+08:00" level=info msg="数据库company连接成功!" func=go_web_2/Db.MultiConnect.func1 file="c:/Users/Administrator/Desktop/go_web_2/Db/multiConnect.go:19"
time="2022-11-20T21:08:06+08:00" level=info msg="读取yml文件成功" func=go_web_2/Public.ReadConfiguration file="c:/Users/Administrator/Desktop/go_web_2/Public/public.go:50"
time="2022-11-20T21:08:06+08:00" level=info msg="读取yml文件成功" func=go_web_2/Public.ReadConfiguration file="c:/Users/Administrator/Desktop/go_web_2/Public/public.go:50"
time="2022-11-20T21:08:06+08:00" level=info msg="数据库连接成功" func=go_web_2/Db.Databaseinit file="c:/Users/Administrator/Desktop/go_web_2/Db/db.go:23"
time="2022-11-20T21:09:15+08:00" level=info msg="读取yml文件成功" func=go_web_2/Public.ReadConfiguration file="c:/Users/Administrator/Desktop/go_web_2/Public/public.go:50"
time="2022-11-20T21:09:15+08:00" level=info msg="读取yml文件成功" func=go_web_2/Public.ReadConfiguration file="c:/Users/Administrator/Desktop/go_web_2/Public/public.go:50"
time="2022-11-20T21:09:15+08:00" level=info msg="数据库连接成功" func=go_web_2/Db.Databaseinit file="c:/Users/Administrator/Desktop/go_web_2/Db/db.go:23"
time="2022-11-20T21:18:05+08:00" level=info msg="读取yml文件成功" func=go_web_2/Public.ReadConfiguration file="c:/Users/Administrator/Desktop/go_web_2/Public/public.go:50"
time="2022-11-20T21:18:05+08:00" level=info msg="读取yml文件成功" func=go_web_2/Public.ReadConfiguration file="c:/Users/Administrator/Desktop/go_web_2/Public/public.go:50"
time="2022-11-20T21:18:05+08:00" level=info msg="数据库连接成功" func=go_web_2/Db.Databaseinit file="c:/Users/Administrator/Desktop/go_web_2/Db/db.go:23"
time="2022-11-21T08:39:15+08:00" level=info msg="读取yml文件成功" func=go_web_2/Public.ReadConfiguration file="c:/Users/Administrator/Desktop/go_web_2/Public/public.go:50"
time="2022-11-21T08:39:15+08:00" level=info msg="读取yml文件成功" func=go_web_2/Public.ReadConfiguration file="c:/Users/Administrator/Desktop/go_web_2/Public/public.go:50"
time="2022-11-21T08:39:15+08:00" level=info msg="数据库连接成功" func=go_web_2/Db.Databaseinit file="c:/Users/Administrator/Desktop/go_web_2/Db/db.go:23"
time="2022-11-21T08:43:10+08:00" level=info msg="读取yml文件成功" func=go_web_2/Public.ReadConfiguration file="c:/Users/Administrator/Desktop/go_web_2/Public/public.go:50"
time="2022-11-21T08:43:10+08:00" level=info msg="读取yml文件成功" func=go_web_2/Public.ReadConfiguration file="c:/Users/Administrator/Desktop/go_web_2/Public/public.go:50"
time="2022-11-21T08:43:10+08:00" level=info msg="数据库连接成功" func=go_web_2/Db.Databaseinit file="c:/Users/Administrator/Desktop/go_web_2/Db/db.go:23"
time="2022-11-21T08:45:10+08:00" level=info msg="读取yml文件成功" func=go_web_2/Public.ReadConfiguration file="c:/Users/Administrator/Desktop/go_web_2/Public/public.go:50"
time="2022-11-21T08:45:10+08:00" level=info msg="读取yml文件成功" func=go_web_2/Public.ReadConfiguration file="c:/Users/Administrator/Desktop/go_web_2/Public/public.go:50"
time="2022-11-21T08:45:10+08:00" level=info msg="数据库company连接成功!" func=go_web_2/Db.MultiConnect.func1 file="c:/Users/Administrator/Desktop/go_web_2/Db/multiConnect.go:19"
time="2022-11-21T08:47:56+08:00" level=info msg="读取yml文件成功" func=go_web_2/Public.ReadConfiguration file="c:/Users/Administrator/Desktop/go_web_2/Public/public.go:50"
time="2022-11-21T08:47:56+08:00" level=info msg="读取yml文件成功" func=go_web_2/Public.ReadConfiguration file="c:/Users/Administrator/Desktop/go_web_2/Public/public.go:50"
time="2022-11-21T08:47:56+08:00" level=info msg="数据库连接成功" func=go_web_2/Db.Databaseinit file="c:/Users/Administrator/Desktop/go_web_2/Db/db.go:23"
time="2022-11-21T08:49:34+08:00" level=info msg="读取yml文件成功" func=go_web_2/Public.ReadConfiguration file="c:/Users/Administrator/Desktop/go_web_2/Public/public.go:50"
time="2022-11-21T08:49:34+08:00" level=info msg="读取yml文件成功" func=go_web_2/Public.ReadConfiguration file="c:/Users/Administrator/Desktop/go_web_2/Public/public.go:50"
time="2022-11-21T08:49:34+08:00" level=info msg="数据库连接成功" func=go_web_2/Db.Databaseinit file="c:/Users/Administrator/Desktop/go_web_2/Db/db.go:24"
time="2022-11-21T08:51:55+08:00" level=info msg="读取yml文件成功" func=go_web_2/Public.ReadConfiguration file="c:/Users/Administrator/Desktop/go_web_2/Public/public.go:50"
time="2022-11-21T08:51:55+08:00" level=info msg="读取yml文件成功" func=go_web_2/Public.ReadConfiguration file="c:/Users/Administrator/Desktop/go_web_2/Public/public.go:50"
time="2022-11-21T08:51:55+08:00" level=info msg="数据库连接成功" func=go_web_2/Db.Databaseinit file="c:/Users/Administrator/Desktop/go_web_2/Db/db.go:24"
time="2022-11-21T08:58:03+08:00" level=info msg="读取yml文件成功" func=go_web_2/Public.ReadConfiguration file="c:/Users/Administrator/Desktop/go_web_2/Public/public.go:50"
time="2022-11-21T08:58:03+08:00" level=info msg="读取yml文件成功" func=go_web_2/Public.ReadConfiguration file="c:/Users/Administrator/Desktop/go_web_2/Public/public.go:50"
time="2022-11-21T08:58:03+08:00" level=info msg="数据库连接成功" func=go_web_2/Db.Databaseinit file="c:/Users/Administrator/Desktop/go_web_2/Db/db.go:23"
time="2022-11-21T08:58:13+08:00" level=info msg="查询成功!" func=go_web_2/Db.Check_Message_From_Database file="c:/Users/Administrator/Desktop/go_web_2/Db/db.go:120"
time="2022-11-21T08:58:16+08:00" level=info msg="查询成功!" func=go_web_2/Db.Check_Message_From_Database file="c:/Users/Administrator/Desktop/go_web_2/Db/db.go:120"
time="2022-11-21T08:59:27+08:00" level=info msg="读取yml文件成功" func=go_web_2/Public.ReadConfiguration file="c:/Users/Administrator/Desktop/go_web_2/Public/public.go:50"
time="2022-11-21T08:59:27+08:00" level=info msg="读取yml文件成功" func=go_web_2/Public.ReadConfiguration file="c:/Users/Administrator/Desktop/go_web_2/Public/public.go:50"
time="2022-11-21T08:59:27+08:00" level=info msg="数据库连接成功" func=go_web_2/Db.Databaseinit file="c:/Users/Administrator/Desktop/go_web_2/Db/db.go:24"
time="2022-11-21T08:59:39+08:00" level=info msg="查询成功!" func=go_web_2/Db.Check_Message_From_Database file="c:/Users/Administrator/Desktop/go_web_2/Db/db.go:121"
time="2022-11-21T09:01:27+08:00" level=info msg="读取yml文件成功" func=go_web_2/Public.ReadConfiguration file="c:/Users/Administrator/Desktop/go_web_2/Public/public.go:50"
time="2022-11-21T09:01:27+08:00" level=info msg="读取yml文件成功" func=go_web_2/Public.ReadConfiguration file="c:/Users/Administrator/Desktop/go_web_2/Public/public.go:50"
time="2022-11-21T09:01:27+08:00" level=info msg="数据库company连接成功!" func=go_web_2/Db.MultiConnect.func1 file="c:/Users/Administrator/Desktop/go_web_2/Db/multiConnect.go:19"
time="2022-11-21T09:04:54+08:00" level=info msg="读取yml文件成功" func=go_web_2/Public.ReadConfiguration file="c:/Users/Administrator/Desktop/go_web_2/Public/public.go:50"
time="2022-11-21T09:04:54+08:00" level=info msg="读取yml文件成功" func=go_web_2/Public.ReadConfiguration file="c:/Users/Administrator/Desktop/go_web_2/Public/public.go:50"
time="2022-11-21T09:04:54+08:00" level=info msg="数据库连接成功" func=go_web_2/Db.Databaseinit file="c:/Users/Administrator/Desktop/go_web_2/Db/db.go:24"
time="2022-11-21T09:05:07+08:00" level=info msg="查询成功!" func=go_web_2/Db.Check_Message_From_Database file="c:/Users/Administrator/Desktop/go_web_2/Db/db.go:121"
time="2022-11-21T09:05:58+08:00" level=info msg="读取yml文件成功" func=go_web_2/Public.ReadConfiguration file="c:/Users/Administrator/Desktop/go_web_2/Public/public.go:50"
time="2022-11-21T09:05:58+08:00" level=info msg="读取yml文件成功" func=go_web_2/Public.ReadConfiguration file="c:/Users/Administrator/Desktop/go_web_2/Public/public.go:50"
time="2022-11-21T09:05:58+08:00" level=info msg="数据库连接成功" func=go_web_2/Db.Databaseinit file="c:/Users/Administrator/Desktop/go_web_2/Db/db.go:24"
time="2022-11-21T09:06:08+08:00" level=info msg="查询成功!" func=go_web_2/Db.Check_Message_From_Database file="c:/Users/Administrator/Desktop/go_web_2/Db/db.go:121"
time="2022-11-21T09:06:12+08:00" level=info msg="查询成功!" func=go_web_2/Db.Check_Message_From_Database file="c:/Users/Administrator/Desktop/go_web_2/Db/db.go:121"
time="2022-11-21T09:10:08+08:00" level=info msg="读取yml文件成功" func=go_web_2/Public.ReadConfiguration file="c:/Users/Administrator/Desktop/go_web_2/Public/public.go:50"
time="2022-11-21T09:10:08+08:00" level=info msg="读取yml文件成功" func=go_web_2/Public.ReadConfiguration file="c:/Users/Administrator/Desktop/go_web_2/Public/public.go:50"
time="2022-11-21T09:10:08+08:00" level=info msg="数据库连接成功" func=go_web_2/Db.Databaseinit file="c:/Users/Administrator/Desktop/go_web_2/Db/db.go:24"
time="2022-11-21T09:10:18+08:00" level=info msg="查询成功!" func=go_web_2/Db.Check_Message_From_Database file="c:/Users/Administrator/Desktop/go_web_2/Db/db.go:124"
time="2022-11-21T09:17:24+08:00" level=info msg="读取yml文件成功" func=go_web_2/Public.ReadConfiguration file="c:/Users/Administrator/Desktop/go_web_2/Public/public.go:50"
time="2022-11-21T09:17:24+08:00" level=info msg="读取yml文件成功" func=go_web_2/Public.ReadConfiguration file="c:/Users/Administrator/Desktop/go_web_2/Public/public.go:50"
time="2022-11-21T09:17:24+08:00" level=info msg="数据库连接成功" func=go_web_2/Db.Databaseinit file="c:/Users/Administrator/Desktop/go_web_2/Db/db.go:24"
time="2022-11-21T09:25:58+08:00" level=info msg="读取yml文件成功" func=go_web_2/Public.ReadConfiguration file="c:/Users/Administrator/Desktop/go_web_2/Public/public.go:50"
time="2022-11-21T09:25:58+08:00" level=info msg="读取yml文件成功" func=go_web_2/Public.ReadConfiguration file="c:/Users/Administrator/Desktop/go_web_2/Public/public.go:50"
time="2022-11-21T09:25:58+08:00" level=info msg="数据库连接成功" func=go_web_2/Db.Databaseinit file="c:/Users/Administrator/Desktop/go_web_2/Db/db.go:23"
time="2022-11-21T09:26:08+08:00" level=error msg="sql: no rows in result set" func=go_web_2/Db.Check_Message_From_Database file="c:/Users/Administrator/Desktop/go_web_2/Db/db.go:118"
time="2022-11-21T09:28:10+08:00" level=info msg="读取yml文件成功" func=go_web_2/Public.ReadConfiguration file="c:/Users/Administrator/Desktop/go_web_2/Public/public.go:50"
time="2022-11-21T09:28:10+08:00" level=info msg="读取yml文件成功" func=go_web_2/Public.ReadConfiguration file="c:/Users/Administrator/Desktop/go_web_2/Public/public.go:50"
time="2022-11-21T09:28:10+08:00" level=info msg="数据库连接成功" func=go_web_2/Db.Databaseinit file="c:/Users/Administrator/Desktop/go_web_2/Db/db.go:24"
time="2022-11-21T09:28:27+08:00" level=error msg="sql: no rows in result set" func=go_web_2/Db.Check_Message_From_Database file="c:/Users/Administrator/Desktop/go_web_2/Db/db.go:122"
time="2022-11-21T09:29:41+08:00" level=info msg="读取yml文件成功" func=go_web_2/Public.ReadConfiguration file="c:/Users/Administrator/Desktop/go_web_2/Public/public.go:50"
time="2022-11-21T09:29:42+08:00" level=info msg="读取yml文件成功" func=go_web_2/Public.ReadConfiguration file="c:/Users/Administrator/Desktop/go_web_2/Public/public.go:50"
time="2022-11-21T09:29:42+08:00" level=info msg="数据库连接成功" func=go_web_2/Db.Databaseinit file="c:/Users/Administrator/Desktop/go_web_2/Db/db.go:24"
time="2022-11-21T09:29:51+08:00" level=error msg="sql: no rows in result set" func=go_web_2/Db.Check_Message_From_Database file="c:/Users/Administrator/Desktop/go_web_2/Db/db.go:122"
time="2022-11-21T09:38:11+08:00" level=info msg="读取yml文件成功" func=go_web_2/Public.ReadConfiguration file="c:/Users/Administrator/Desktop/go_web_2/Public/public.go:50"
time="2022-11-21T09:38:11+08:00" level=info msg="读取yml文件成功" func=go_web_2/Public.ReadConfiguration file="c:/Users/Administrator/Desktop/go_web_2/Public/public.go:50"
time="2022-11-21T09:38:11+08:00" level=info msg="数据库连接成功" func=go_web_2/Db.Databaseinit file="c:/Users/Administrator/Desktop/go_web_2/Db/db.go:24"
time="2022-11-21T09:45:19+08:00" level=info msg="读取yml文件成功" func=go_web_2/Public.ReadConfiguration file="c:/Users/Administrator/Desktop/go_web_2/Public/public.go:50"
time="2022-11-21T09:45:19+08:00" level=info msg="读取yml文件成功" func=go_web_2/Public.ReadConfiguration file="c:/Users/Administrator/Desktop/go_web_2/Public/public.go:50"
time="2022-11-21T09:45:19+08:00" level=info msg="数据库连接成功" func=go_web_2/Db.Databaseinit file="c:/Users/Administrator/Desktop/go_web_2/Db/db.go:24"
time="2022-11-21T09:45:52+08:00" level=error msg="更改成功" func=go_web_2/Db.Modify_from_Database file="c:/Users/Administrator/Desktop/go_web_2/Db/db.go:109"
time="2022-11-21T09:45:54+08:00" level=error msg="删除成功" func=go_web_2/Db.Dlelete_from_Database file="c:/Users/Administrator/Desktop/go_web_2/Db/db.go:92"
time="2022-11-21T09:47:19+08:00" level=info msg="读取yml文件成功" func=go_web_2/Public.ReadConfiguration file="c:/Users/Administrator/Desktop/go_web_2/Public/public.go:50"
time="2022-11-21T09:47:19+08:00" level=info msg="读取yml文件成功" func=go_web_2/Public.ReadConfiguration file="c:/Users/Administrator/Desktop/go_web_2/Public/public.go:50"
time="2022-11-21T09:47:19+08:00" level=info msg="数据库company连接成功!" func=go_web_2/Db.MultiConnect.func1 file="c:/Users/Administrator/Desktop/go_web_2/Db/multiConnect.go:19"
time="2022-11-21T09:48:02+08:00" level=error msg="sql: Scan error on column index 1, name \"time\": converting NULL to string is unsupported" func=go_web_2/Db.Check_All_From_Database file="c:/Users/Administrator/Desktop/go_web_2/Db/db.go:153"
time="2022-11-21T09:48:04+08:00" level=error msg="sql: Scan error on column index 1, name \"time\": converting NULL to string is unsupported" func=go_web_2/Db.Check_All_From_Database file="c:/Users/Administrator/Desktop/go_web_2/Db/db.go:153"
time="2022-11-21T09:48:04+08:00" level=error msg="sql: Scan error on column index 1, name \"time\": converting NULL to string is unsupported" func=go_web_2/Db.Check_All_From_Database file="c:/Users/Administrator/Desktop/go_web_2/Db/db.go:153"
time="2022-11-21T09:48:05+08:00" level=error msg="sql: Scan error on column index 1, name \"time\": converting NULL to string is unsupported" func=go_web_2/Db.Check_All_From_Database file="c:/Users/Administrator/Desktop/go_web_2/Db/db.go:153"
time="2022-11-21T09:48:05+08:00" level=error msg="sql: Scan error on column index 1, name \"time\": converting NULL to string is unsupported" func=go_web_2/Db.Check_All_From_Database file="c:/Users/Administrator/Desktop/go_web_2/Db/db.go:153"
time="2022-11-21T09:48:05+08:00" level=error msg="sql: Scan error on column index 1, name \"time\": converting NULL to string is unsupported" func=go_web_2/Db.Check_All_From_Database file="c:/Users/Administrator/Desktop/go_web_2/Db/db.go:153"
time="2022-11-21T09:48:05+08:00" level=error msg="sql: Scan error on column index 1, name \"time\": converting NULL to string is unsupported" func=go_web_2/Db.Check_All_From_Database file="c:/Users/Administrator/Desktop/go_web_2/Db/db.go:153"
time="2022-11-21T09:48:05+08:00" level=error msg="sql: Scan error on column index 1, name \"time\": converting NULL to string is unsupported" func=go_web_2/Db.Check_All_From_Database file="c:/Users/Administrator/Desktop/go_web_2/Db/db.go:153"
time="2022-11-21T09:48:05+08:00" level=error msg="sql: Scan error on column index 1, name \"time\": converting NULL to string is unsupported" func=go_web_2/Db.Check_All_From_Database file="c:/Users/Administrator/Desktop/go_web_2/Db/db.go:153"
time="2022-11-21T09:48:05+08:00" level=error msg="sql: Scan error on column index 1, name \"time\": converting NULL to string is unsupported" func=go_web_2/Db.Check_All_From_Database file="c:/Users/Administrator/Desktop/go_web_2/Db/db.go:153"
time="2022-11-21T09:48:06+08:00" level=error msg="sql: Scan error on column index 1, name \"time\": converting NULL to string is unsupported" func=go_web_2/Db.Check_All_From_Database file="c:/Users/Administrator/Desktop/go_web_2/Db/db.go:153"
time="2022-11-21T09:48:06+08:00" level=error msg="sql: Scan error on column index 1, name \"time\": converting NULL to string is unsupported" func=go_web_2/Db.Check_All_From_Database file="c:/Users/Administrator/Desktop/go_web_2/Db/db.go:153"
time="2022-11-21T09:48:06+08:00" level=error msg="sql: Scan error on column index 1, name \"time\": converting NULL to string is unsupported" func=go_web_2/Db.Check_All_From_Database file="c:/Users/Administrator/Desktop/go_web_2/Db/db.go:153"
time="2022-11-21T09:48:06+08:00" level=error msg="sql: Scan error on column index 1, name \"time\": converting NULL to string is unsupported" func=go_web_2/Db.Check_All_From_Database file="c:/Users/Administrator/Desktop/go_web_2/Db/db.go:153"
time="2022-11-21T09:48:10+08:00" level=error msg="sql: Scan error on column index 1, name \"time\": converting NULL to string is unsupported" func=go_web_2/Db.Check_All_From_Database file="c:/Users/Administrator/Desktop/go_web_2/Db/db.go:153"
time="2022-11-21T09:48:10+08:00" level=error msg="sql: Scan error on column index 1, name \"time\": converting NULL to string is unsupported" func=go_web_2/Db.Check_All_From_Database file="c:/Users/Administrator/Desktop/go_web_2/Db/db.go:153"
time="2022-11-21T09:48:10+08:00" level=error msg="sql: Scan error on column index 1, name \"time\": converting NULL to string is unsupported" func=go_web_2/Db.Check_All_From_Database file="c:/Users/Administrator/Desktop/go_web_2/Db/db.go:153"
time="2022-11-21T09:48:10+08:00" level=error msg="sql: Scan error on column index 1, name \"time\": converting NULL to string is unsupported" func=go_web_2/Db.Check_All_From_Database file="c:/Users/Administrator/Desktop/go_web_2/Db/db.go:153"
time="2022-11-21T09:48:11+08:00" level=error msg="sql: Scan error on column index 1, name \"time\": converting NULL to string is unsupported" func=go_web_2/Db.Check_All_From_Database file="c:/Users/Administrator/Desktop/go_web_2/Db/db.go:153"
time="2022-11-21T09:48:13+08:00" level=error msg="sql: Scan error on column index 1, name \"time\": converting NULL to string is unsupported" func=go_web_2/Db.Check_All_From_Database file="c:/Users/Administrator/Desktop/go_web_2/Db/db.go:153"
time="2022-11-21T09:48:13+08:00" level=error msg="sql: Scan error on column index 1, name \"time\": converting NULL to string is unsupported" func=go_web_2/Db.Check_All_From_Database file="c:/Users/Administrator/Desktop/go_web_2/Db/db.go:153"
time="2022-11-21T09:48:14+08:00" level=error msg="sql: Scan error on column index 1, name \"time\": converting NULL to string is unsupported" func=go_web_2/Db.Check_All_From_Database file="c:/Users/Administrator/Desktop/go_web_2/Db/db.go:153"
time="2022-11-21T09:48:14+08:00" level=error msg="sql: Scan error on column index 1, name \"time\": converting NULL to string is unsupported" func=go_web_2/Db.Check_All_From_Database file="c:/Users/Administrator/Desktop/go_web_2/Db/db.go:153"
time="2022-11-21T09:48:14+08:00" level=error msg="sql: Scan error on column index 1, name \"time\": converting NULL to string is unsupported" func=go_web_2/Db.Check_All_From_Database file="c:/Users/Administrator/Desktop/go_web_2/Db/db.go:153"
time="2022-11-21T09:48:42+08:00" level=error msg="sql: Scan error on column index 1, name \"time\": converting NULL to string is unsupported" func=go_web_2/Db.Check_All_From_Database file="c:/Users/Administrator/Desktop/go_web_2/Db/db.go:153"
time="2022-11-21T09:49:14+08:00" level=error msg="sql: Scan error on column index 1, name \"time\": converting NULL to string is unsupported" func=go_web_2/Db.Check_All_From_Database file="c:/Users/Administrator/Desktop/go_web_2/Db/db.go:153"
time="2022-11-21T09:49:15+08:00" level=error msg="sql: Scan error on column index 1, name \"time\": converting NULL to string is unsupported" func=go_web_2/Db.Check_All_From_Database file="c:/Users/Administrator/Desktop/go_web_2/Db/db.go:153"
time="2022-11-21T10:29:43+08:00" level=info msg="读取yml文件成功" func=go_web_2/Public.ReadConfiguration file="c:/Users/Administrator/Desktop/go_web_2/Public/public.go:50"
time="2022-11-21T10:29:43+08:00" level=info msg="读取yml文件成功" func=go_web_2/Public.ReadConfiguration file="c:/Users/Administrator/Desktop/go_web_2/Public/public.go:50"
time="2022-11-21T10:29:43+08:00" level=info msg="数据库连接成功" func=go_web_2/Db.Databaseinit file="c:/Users/Administrator/Desktop/go_web_2/Db/db.go:26"
time="2022-11-21T10:32:55+08:00" level=info msg="读取yml文件成功" func=go_web_2/Public.ReadConfiguration file="c:/Users/Administrator/Desktop/go_web_2/Public/public.go:50"
time="2022-11-21T10:32:55+08:00" level=info msg="读取yml文件成功" func=go_web_2/Public.ReadConfiguration file="c:/Users/Administrator/Desktop/go_web_2/Public/public.go:50"
time="2022-11-21T10:32:55+08:00" level=info msg="数据库连接成功" func=go_web_2/Db.Databaseinit file="c:/Users/Administrator/Desktop/go_web_2/Db/db.go:26"
time="2022-11-21T10:34:55+08:00" level=info msg="读取yml文件成功" func=go_web_2/Public.ReadConfiguration file="c:/Users/Administrator/Desktop/go_web_2/Public/public.go:50"
time="2022-11-21T10:34:55+08:00" level=info msg="读取yml文件成功" func=go_web_2/Public.ReadConfiguration file="c:/Users/Administrator/Desktop/go_web_2/Public/public.go:50"
time="2022-11-21T10:34:55+08:00" level=info msg="数据库company连接成功!" func=go_web_2/Db.MultiConnect.func1 file="c:/Users/Administrator/Desktop/go_web_2/Db/multiConnect.go:19"
time="2022-11-21T15:59:15+08:00" level=info msg="读取yml文件成功" func=go_web_2/Public.ReadConfiguration file="c:/Users/Administrator/Desktop/go_web_2/Public/public.go:50"
time="2022-11-21T15:59:15+08:00" level=info msg="读取yml文件成功" func=go_web_2/Public.ReadConfiguration file="c:/Users/Administrator/Desktop/go_web_2/Public/public.go:50"
time="2022-11-21T15:59:23+08:00" level=info msg="读取yml文件成功" func=go_web_2/Public.ReadConfiguration file="c:/Users/Administrator/Desktop/go_web_2/Public/public.go:50"
time="2022-11-21T15:59:23+08:00" level=info msg="读取yml文件成功" func=go_web_2/Public.ReadConfiguration file="c:/Users/Administrator/Desktop/go_web_2/Public/public.go:50"
time="2022-11-21T15:59:56+08:00" level=info msg="读取yml文件成功" func=go_web_2/Public.ReadConfiguration file="c:/Users/Administrator/Desktop/go_web_2/Public/public.go:50"
time="2022-11-21T15:59:56+08:00" level=info msg="读取yml文件成功" func=go_web_2/Public.ReadConfiguration file="c:/Users/Administrator/Desktop/go_web_2/Public/public.go:50"
time="2022-11-21T16:01:16+08:00" level=info msg="读取yml文件成功" func=go_web_2/Public.ReadConfiguration file="c:/Users/Administrator/Desktop/go_web_2/Public/public.go:50"
time="2022-11-21T16:01:16+08:00" level=info msg="读取yml文件成功" func=go_web_2/Public.ReadConfiguration file="c:/Users/Administrator/Desktop/go_web_2/Public/public.go:50"
time="2022-11-21T16:02:52+08:00" level=info msg="读取yml文件成功" func=go_web_2/Public.ReadConfiguration file="c:/Users/Administrator/Desktop/go_web_2/Public/public.go:50"
time="2022-11-21T16:02:52+08:00" level=info msg="读取yml文件成功" func=go_web_2/Public.ReadConfiguration file="c:/Users/Administrator/Desktop/go_web_2/Public/public.go:50"
time="2022-11-21T16:04:15+08:00" level=info msg="读取yml文件成功" func=go_web_2/Public.ReadConfiguration file="c:/Users/Administrator/Desktop/go_web_2/Public/public.go:50"
time="2022-11-21T16:04:15+08:00" level=info msg="读取yml文件成功" func=go_web_2/Public.ReadConfiguration file="c:/Users/Administrator/Desktop/go_web_2/Public/public.go:50"
time="2022-11-21T16:04:34+08:00" level=info msg="读取yml文件成功" func=go_web_2/Public.ReadConfiguration file="C:/Users/Administrator/Desktop/go_web_2/Public/public.go:50"
time="2022-11-21T16:04:34+08:00" level=info msg="读取yml文件成功" func=go_web_2/Public.ReadConfiguration file="C:/Users/Administrator/Desktop/go_web_2/Public/public.go:50"
time="2022-11-21T16:06:38+08:00" level=info msg="读取yml文件成功" func=go_web_2/Public.ReadConfiguration file="C:/Users/Administrator/Desktop/go_web_2/Public/public.go:50"
time="2022-11-21T16:06:38+08:00" level=info msg="读取yml文件成功" func=go_web_2/Public.ReadConfiguration file="C:/Users/Administrator/Desktop/go_web_2/Public/public.go:50"
time="2022-11-21T16:06:51+08:00" level=info msg="读取yml文件成功" func=go_web_2/Public.ReadConfiguration file="C:/Users/Administrator/Desktop/go_web_2/Public/public.go:50"
time="2022-11-21T16:06:51+08:00" level=info msg="读取yml文件成功" func=go_web_2/Public.ReadConfiguration file="C:/Users/Administrator/Desktop/go_web_2/Public/public.go:50"
time="2022-11-21T16:10:24+08:00" level=info msg="读取yml文件成功" func=go_web_2/Public.ReadConfiguration file="C:/Users/Administrator/Desktop/go_web_2/Public/public.go:50"
time="2022-11-21T16:10:24+08:00" level=info msg="读取yml文件成功" func=go_web_2/Public.ReadConfiguration file="C:/Users/Administrator/Desktop/go_web_2/Public/public.go:50"
time="2022-11-21T16:12:47+08:00" level=info msg="读取yml文件成功" func=go_web_2/Public.ReadConfiguration file="C:/Users/Administrator/Desktop/go_web_2/Public/public.go:50"
time="2022-11-21T16:12:47+08:00" level=info msg="读取yml文件成功" func=go_web_2/Public.ReadConfiguration file="C:/Users/Administrator/Desktop/go_web_2/Public/public.go:50"
time="2022-11-21T16:12:47+08:00" level=info msg="读取yml文件成功" func=go_web_2/Public.ReadConfiguration file="C:/Users/Administrator/Desktop/go_web_2/Public/public.go:50"
time="2022-11-21T16:12:47+08:00" level=info msg="读取yml文件成功" func=go_web_2/Public.ReadConfiguration file="C:/Users/Administrator/Desktop/go_web_2/Public/public.go:50"
time="2022-11-21T16:13:25+08:00" level=info msg="读取yml文件成功" func=go_web_2/Public.ReadConfiguration file="C:/Users/Administrator/Desktop/go_web_2/Public/public.go:50"
time="2022-11-21T16:13:25+08:00" level=info msg="读取yml文件成功" func=go_web_2/Public.ReadConfiguration file="C:/Users/Administrator/Desktop/go_web_2/Public/public.go:50"
time="2022-11-21T16:13:25+08:00" level=info msg="读取yml文件成功" func=go_web_2/Public.ReadConfiguration file="C:/Users/Administrator/Desktop/go_web_2/Public/public.go:50"
time="2022-11-21T16:13:25+08:00" level=info msg="读取yml文件成功" func=go_web_2/Public.ReadConfiguration file="C:/Users/Administrator/Desktop/go_web_2/Public/public.go:50"
time="2022-11-21T16:13:25+08:00" level=info msg="数据库连接成功" func=go_web_2/Db.Databaseinit file="C:/Users/Administrator/Desktop/go_web_2/Db/db.go:28"
time="2022-11-21T16:22:57+08:00" level=info msg="读取yml文件成功" func=go_web_2/Public.ReadConfiguration file="C:/Users/Administrator/Desktop/go_web_2/Public/public.go:50"
time="2022-11-21T16:22:57+08:00" level=info msg="读取yml文件成功" func=go_web_2/Public.ReadConfiguration file="C:/Users/Administrator/Desktop/go_web_2/Public/public.go:50"
time="2022-11-21T16:22:57+08:00" level=info msg="数据库连接成功" func=go_web_2/Db.Databaseinit file="C:/Users/Administrator/Desktop/go_web_2/Db/db.go:27"
time="2022-11-21T16:23:30+08:00" level=error msg="sql: Scan error on column index 1, name \"time\": converting NULL to string is unsupported" func=go_web_2/Db.Check_All_From_Database file="C:/Users/Administrator/Desktop/go_web_2/Db/db.go:158"
time="2022-11-21T16:25:46+08:00" level=info msg="增加成功" func=go_web_2/Db.Add_Message_To_Database file="C:/Users/Administrator/Desktop/go_web_2/Db/db.go:142"
time="2022-11-21T16:25:59+08:00" level=info msg="更改成功" func=go_web_2/Db.Modify_from_Database file="C:/Users/Administrator/Desktop/go_web_2/Db/db.go:113"
time="2022-11-21T16:26:08+08:00" level=info msg="增加成功" func=go_web_2/Db.Add_Message_To_Database file="C:/Users/Administrator/Desktop/go_web_2/Db/db.go:142"
time="2022-11-21T16:26:57+08:00" level=info msg="增加成功" func=go_web_2/Db.Add_Message_To_Database file="C:/Users/Administrator/Desktop/go_web_2/Db/db.go:142"
time="2022-11-21T16:27:31+08:00" level=info msg="删除成功" func=go_web_2/Db.Dlelete_from_Database file="C:/Users/Administrator/Desktop/go_web_2/Db/db.go:96"
time="2022-11-21T16:27:33+08:00" level=info msg="删除成功" func=go_web_2/Db.Dlelete_from_Database file="C:/Users/Administrator/Desktop/go_web_2/Db/db.go:96"
time="2022-11-21T16:27:34+08:00" level=info msg="删除成功" func=go_web_2/Db.Dlelete_from_Database file="C:/Users/Administrator/Desktop/go_web_2/Db/db.go:96"
time="2022-11-21T16:27:41+08:00" level=info msg="增加成功" func=go_web_2/Db.Add_Message_To_Database file="C:/Users/Administrator/Desktop/go_web_2/Db/db.go:142"
time="2022-11-21T16:27:46+08:00" level=info msg="增加成功" func=go_web_2/Db.Add_Message_To_Database file="C:/Users/Administrator/Desktop/go_web_2/Db/db.go:142"
